<?xml version="1.0" encoding="UTF-8"?>
<testsuite xmlns:xsi="http://www.w3.org/2001/XMLSchema-instance" xsi:noNamespaceSchemaLocation="https://maven.apache.org/surefire/maven-surefire-plugin/xsd/surefire-test-report-3.0.xsd" version="3.0" name="com.pato.controller.TurnoControllerIntegrationTest" time="2.213" tests="7" errors="0" skipped="0" failures="0">
  <properties>
[...]
</properties>
  <testcase name="editar_ok" classname="com.pato.controller.TurnoControllerIntegrationTest" time="0.147">
    <system-out><![CDATA[2025-11-27T20:04:51.887-03:00  INFO 6484 --- [sistema-barberia] [           main] t.c.s.AnnotationConfigContextLoaderUtils : Could not detect default configuration classes for test class [com.pato.controller.TurnoControllerIntegrationTest]: TurnoControllerIntegrationTest does not declare any static, non-private, non-final, nested classes annotated with @Configuration.
2025-11-27T20:04:51.891-03:00  INFO 6484 --- [sistema-barberia] [           main] .b.t.c.SpringBootTestContextBootstrapper : Found @SpringBootConfiguration com.pato.SistemaBarberiaApplication for test class com.pato.controller.TurnoControllerIntegrationTest

  .   ____          _            __ _ _
 /\\ / ___'_ __ _ _(_)_ __  __ _ \ \ \ \
( ( )\___ | '_ | '_| | '_ \/ _` | \ \ \ \
 \\/  ___)| |_)| | | | | || (_| |  ) ) ) )
  '  |____| .__|_| |_|_| |_\__, | / / / /
 =========|_|==============|___/=/_/_/_/
 :: Spring Boot ::                (v3.2.4)

2025-11-27T20:04:51.926-03:00  INFO 6484 --- [sistema-barberia] [           main] c.p.c.TurnoControllerIntegrationTest     : Starting TurnoControllerIntegrationTest using Java 17.0.12 with PID 6484 (started by Patricio in C:\Users\Patricio\OneDrive\Escritorio\PatoProyectos\sistema-barberia)
2025-11-27T20:04:51.926-03:00  INFO 6484 --- [sistema-barberia] [           main] c.p.c.TurnoControllerIntegrationTest     : The following 1 profile is active: "test"
2025-11-27T20:04:52.405-03:00  INFO 6484 --- [sistema-barberia] [           main] .s.d.r.c.RepositoryConfigurationDelegate : Bootstrapping Spring Data JPA repositories in DEFAULT mode.
2025-11-27T20:04:52.449-03:00  INFO 6484 --- [sistema-barberia] [           main] .s.d.r.c.RepositoryConfigurationDelegate : Finished Spring Data repository scanning in 43 ms. Found 6 JPA repository interfaces.
2025-11-27T20:04:52.618-03:00  INFO 6484 --- [sistema-barberia] [           main] o.hibernate.jpa.internal.util.LogHelper  : HHH000204: Processing PersistenceUnitInfo [name: default]
2025-11-27T20:04:52.623-03:00  INFO 6484 --- [sistema-barberia] [           main] o.h.c.internal.RegionFactoryInitiator    : HHH000026: Second-level cache disabled
2025-11-27T20:04:52.631-03:00  INFO 6484 --- [sistema-barberia] [           main] o.s.o.j.p.SpringPersistenceUnitInfo      : No LoadTimeWeaver setup: ignoring JPA class transformer
2025-11-27T20:04:52.633-03:00  INFO 6484 --- [sistema-barberia] [           main] com.zaxxer.hikari.HikariDataSource       : HikariPool-3 - Starting...
2025-11-27T20:04:52.635-03:00  INFO 6484 --- [sistema-barberia] [           main] com.zaxxer.hikari.pool.HikariPool        : HikariPool-3 - Added connection conn20: url=jdbc:h2:mem:barberiadb user=BARBERIAUSER
2025-11-27T20:04:52.635-03:00  INFO 6484 --- [sistema-barberia] [           main] com.zaxxer.hikari.HikariDataSource       : HikariPool-3 - Start completed.
2025-11-27T20:04:52.845-03:00  INFO 6484 --- [sistema-barberia] [           main] o.h.e.t.j.p.i.JtaPlatformInitiator       : HHH000489: No JTA platform available (set 'hibernate.transaction.jta.platform' to enable JTA platform integration)
2025-11-27T20:04:52.881-03:00  INFO 6484 --- [sistema-barberia] [           main] j.LocalContainerEntityManagerFactoryBean : Initialized JPA EntityManagerFactory for persistence unit 'default'
2025-11-27T20:04:53.249-03:00  WARN 6484 --- [sistema-barberia] [           main] JpaBaseConfiguration$JpaWebConfiguration : spring.jpa.open-in-view is enabled by default. Therefore, database queries may be performed during view rendering. Explicitly configure spring.jpa.open-in-view to disable this warning
2025-11-27T20:04:53.386-03:00  INFO 6484 --- [sistema-barberia] [           main] o.s.s.web.DefaultSecurityFilterChain     : Will secure any request with [org.springframework.security.web.session.DisableEncodeUrlFilter@7537ffd3, org.springframework.security.web.context.request.async.WebAsyncManagerIntegrationFilter@34628f42, org.springframework.security.web.context.SecurityContextHolderFilter@47f654ed, org.springframework.security.web.header.HeaderWriterFilter@55b65de1, org.springframework.web.filter.CorsFilter@66d4ea73, org.springframework.security.web.authentication.logout.LogoutFilter@7506825d, com.pato.config.filter.JwtTokenValidator@742d47c8, org.springframework.security.web.savedrequest.RequestCacheAwareFilter@345bbdaa, org.springframework.security.web.servletapi.SecurityContextHolderAwareRequestFilter@53e5a795, org.springframework.security.web.authentication.AnonymousAuthenticationFilter@3e2ee7f9, org.springframework.security.web.session.SessionManagementFilter@58e16eb7, org.springframework.security.web.access.ExceptionTranslationFilter@67229f96, org.springframework.security.web.access.intercept.AuthorizationFilter@627e02bb]
2025-11-27T20:04:53.627-03:00  INFO 6484 --- [sistema-barberia] [           main] o.s.b.t.m.w.SpringBootMockServletContext : Initializing Spring TestDispatcherServlet ''
2025-11-27T20:04:53.628-03:00  INFO 6484 --- [sistema-barberia] [           main] o.s.t.web.servlet.TestDispatcherServlet  : Initializing Servlet ''
2025-11-27T20:04:53.629-03:00  INFO 6484 --- [sistema-barberia] [           main] o.s.t.web.servlet.TestDispatcherServlet  : Completed initialization in 1 ms
2025-11-27T20:04:53.645-03:00  INFO 6484 --- [sistema-barberia] [           main] c.p.c.TurnoControllerIntegrationTest     : Started TurnoControllerIntegrationTest in 1.749 seconds (process running for 24.603)
Recordatorios enviados: 0
Scheduler ejecutado: turnos finalizados -> 0
]]></system-out>
  </testcase>
  <testcase name="listarPorBarberoYFecha_ok" classname="com.pato.controller.TurnoControllerIntegrationTest" time="0.045"/>
  <testcase name="cancelar_ok" classname="com.pato.controller.TurnoControllerIntegrationTest" time="0.036"/>
  <testcase name="listar_ok" classname="com.pato.controller.TurnoControllerIntegrationTest" time="0.044"/>
  <testcase name="buscarPorId_ok" classname="com.pato.controller.TurnoControllerIntegrationTest" time="0.065"/>
  <testcase name="crear_ok" classname="com.pato.controller.TurnoControllerIntegrationTest" time="0.061"/>
  <testcase name="listarPorFecha_ok" classname="com.pato.controller.TurnoControllerIntegrationTest" time="0.041"/>
</testsuite>